<?xml version="1.0" encoding="UTF-8"?>
<!-- Generated by org.testng.reporters.JUnitXMLReporter -->
<testsuite hostname="LAPTOP-IFLMPRQ2" ignored="0" name="Test1" tests="13" failures="0" timestamp="2022-01-17T16:55:37 IST" time="477.239" errors="0">
  <testcase name="addPermit" time="130.222" classname="com.mario.qa.testcases.Permits"/>
  <testcase name="sortPermit" time="6.337" classname="com.mario.qa.testcases.Permits"/>
  <testcase name="editPermit" time="80.175" classname="com.mario.qa.testcases.Permits"/>
  <testcase name="sortPermit1" time="5.736" classname="com.mario.qa.testcases.Permits"/>
  <testcase name="viewPermitDetails" time="14.608" classname="com.mario.qa.testcases.Permits"/>
  <testcase name="addInsuranceProvider" time="32.817" classname="com.mario.qa.testcases.InsuranceProviders"/>
  <testcase name="editInsuranceProvider" time="18.025" classname="com.mario.qa.testcases.InsuranceProviders"/>
  <testcase name="viewInsuranceProviderDetails" time="9.618" classname="com.mario.qa.testcases.InsuranceProviders"/>
  <testcase name="sortInsuarance" time="7.942" classname="com.mario.qa.testcases.InsuranceProviders"/>
  <testcase name="addInsurance" time="84.431" classname="com.mario.qa.testcases.Insurances"/>
  <testcase name="editInsurance" time="40.477" classname="com.mario.qa.testcases.Insurances"/>
  <testcase name="sortInsurance" time="9.418" classname="com.mario.qa.testcases.Insurances"/>
  <testcase name="viewInsuranceDetails" time="11.388" classname="com.mario.qa.testcases.Insurances"/>
</testsuite> <!-- Test1 -->
