<?xml version="1.0" encoding="UTF-8"?>
<!-- Generated by org.testng.reporters.JUnitXMLReporter -->
<testsuite hostname="LAPTOP-IFLMPRQ2" ignored="0" name="Test3" tests="7" failures="0" timestamp="2021-11-24T19:04:41 IST" time="285.876" errors="0">
  <testcase name="subaccountSettingRailTwo" time="33.102" classname="com.fitsyn.qa.testcases.RailTwoInitiateApplication"/>
  <testcase name="createRailtwoApplication" time="73.761" classname="com.fitsyn.qa.testcases.RailTwoInitiateApplication"/>
  <testcase name="createRailtwoWithoptinApplication" time="115.928" classname="com.fitsyn.qa.testcases.RailTwoWithOptinInitiateApplication"/>
  <testcase name="createApplicationRailTwoPOSTAPI" time="2.531" classname="com.fitsyn.qa.testcases.RailTwoApplicationAPIDataRun"/>
  <testcase name="clickRunButtonApplicationListPage" time="20.847" classname="com.fitsyn.qa.testcases.RailTwoApplicationAPIDataRun"/>
  <testcase name="createApplicationRailTwoPOSTAPI" time="2.05" classname="com.fitsyn.qa.testcases.RailTwoApplictionAPIDataSubmit"/>
  <testcase name="clickSubmitButtonApplicationListPage" time="15.926" classname="com.fitsyn.qa.testcases.RailTwoApplictionAPIDataSubmit"/>
</testsuite> <!-- Test3 -->
