<?xml version="1.0" encoding="UTF-8"?>
<!-- Generated by org.testng.reporters.JUnitXMLReporter -->
<testsuite hostname="LAPTOP-IFLMPRQ2" ignored="0" name="Test" tests="9" failures="0" timestamp="2022-01-17T16:07:24 IST" time="345.457" errors="0">
  <testcase name="addTerritory" time="33.861" classname="com.mario.qa.testcases.Territories"/>
  <testcase name="editTerritory" time="9.825" classname="com.mario.qa.testcases.Territories"/>
  <testcase name="sortTerritory" time="7.082" classname="com.mario.qa.testcases.Territories"/>
  <testcase name="addVehicle" time="122.904" classname="com.mario.qa.testcases.Vehicle"/>
  <testcase name="editVehicle" time="64.76" classname="com.mario.qa.testcases.Vehicle"/>
  <testcase name="sortVehicle" time="7.571" classname="com.mario.qa.testcases.Vehicle"/>
  <testcase name="addDriver" time="48.552" classname="com.mario.qa.testcases.Drivers"/>
  <testcase name="editDriver" time="20.402" classname="com.mario.qa.testcases.Drivers"/>
  <testcase name="sortDriver" time="7.992" classname="com.mario.qa.testcases.Drivers"/>
</testsuite> <!-- Test -->
